freeze_date for split dispatch: 2026-05-08
Loading top-3 archived trials from track-c-cycle-2026-05-08-01...
Loading panel + factors (selector role)...
  panel: 4276 dates × 79 symbols (92.7s)

[1/3] trial_id=8ac6bccbeed1 holding=weekly feats=max_dd_126d,mom_252d,reversal_21d
  Track A verdict: FAIL (25.5s)
  Failed gates (2):
    - validation_year_2018_maxdd
    - stress_slice_covid_flash_maxdd
    2018: maxdd=-24.19% vs_spy=+0.85% vs_qqq=-3.50%
    2019: maxdd=-7.60% vs_spy=+16.11% vs_qqq=+7.51%
    2021: maxdd=-6.73% vs_spy=+11.85% vs_qqq=+12.08%
    2023: maxdd=-9.17% vs_spy=+20.85% vs_qqq=-9.16%
    2025: maxdd=-17.65% vs_spy=+33.25% vs_qqq=+29.49%
    [stress] covid_flash: maxdd=-34.85%
    [stress] rate_hike_2022: maxdd=-15.76%

[2/3] trial_id=60998346d975 holding=weekly feats=max_dd_126d,mom_252d,ret_5d
  Track A verdict: FAIL (24.7s)
  Failed gates (2):
    - validation_year_2018_maxdd
    - validation_aggregate_excess_vs_spy
    2018: maxdd=-23.18% vs_spy=-4.43% vs_qqq=-8.78%
    2019: maxdd=-4.20% vs_spy=-2.68% vs_qqq=-11.28%
    2021: maxdd=-5.94% vs_spy=+19.00% vs_qqq=+19.23%
    2023: maxdd=-10.98% vs_spy=+26.76% vs_qqq=-3.26%
    2025: maxdd=-12.82% vs_spy=+46.41% vs_qqq=+42.64%
    [stress] covid_flash: maxdd=-20.67%
    [stress] rate_hike_2022: maxdd=-14.21%

[3/3] trial_id=3f40e3f4ed1a holding=monthly feats=max_dd_126d,xsection_rank_63d,ret_5d
  Track A verdict: PASS (19.0s)
    2018: maxdd=-16.78% vs_spy=+1.85% vs_qqq=-2.50%
    2019: maxdd=-7.23% vs_spy=+9.25% vs_qqq=+0.66%
    2021: maxdd=-7.77% vs_spy=+4.63% vs_qqq=+4.86%
    2023: maxdd=-12.21% vs_spy=+19.38% vs_qqq=-10.64%
    2025: maxdd=-10.51% vs_spy=+25.32% vs_qqq=+21.55%
    [stress] covid_flash: maxdd=-19.72%
    [stress] rate_hike_2022: maxdd=-11.90%

Wrote data/audit/cycle06_track_a_eval_track-c-cycle-2026-05-08-01.json
Verdict: 1 of 3 passed Track A acceptance
