[2015-02-19] ghost-position cleanup: liquidating SHY qty=152.6853 @ last_close=69.2128 after 6 stale days
[2015-03-07] ghost-position cleanup: liquidating SHY qty=163.2336 @ last_close=69.2055 after 6 stale days
[2015-04-21] ghost-position cleanup: liquidating SHY qty=0.0326 @ last_close=69.4730 after 6 stale days
[2018-07-04] ghost-position cleanup: liquidating LLY qty=217.2845 @ last_close=85.4900 after 6 stale days
[2018-08-27] ghost-position cleanup: liquidating ISRG qty=114.6864 @ last_close=176.3500 after 6 stale days
[2018-09-17] ghost-position cleanup: liquidating LLY qty=214.0000 @ last_close=105.6500 after 6 stale days
[2019-08-20] ghost-position cleanup: liquidating LLY qty=197.0245 @ last_close=110.3200 after 6 stale days
[2019-12-30] ghost-position cleanup: liquidating ISRG qty=0.1462 @ last_close=199.7000 after 6 stale days
[2022-02-03] ghost-position cleanup: liquidating META qty=3483.9123 @ last_close=12.3000 after 6 stale days
[2025-05-08] ghost-position cleanup: liquidating SHY qty=0.6946 @ last_close=79.7762 after 6 stale days
[2025-06-19] ghost-position cleanup: liquidating SHY qty=1300.5809 @ last_close=79.9235 after 6 stale days
[2025-07-22] ghost-position cleanup: liquidating SHY qty=1331.9972 @ last_close=80.2472 after 6 stale days
[2016-06-06] ghost-position cleanup: liquidating A qty=1.8647 @ last_close=45.8800 after 6 stale days
[2016-06-20] ghost-position cleanup: liquidating CMG qty=2.0422 @ last_close=7.9050 after 6 stale days
[2017-07-22] ghost-position cleanup: liquidating SOXL qty=2113.0000 @ last_close=6.4720 after 6 stale days
[2017-08-23] ghost-position cleanup: liquidating SOXL qty=1867.8791 @ last_close=5.9047 after 6 stale days
[2017-12-11] ghost-position cleanup: liquidating ACGL qty=442.6279 @ last_close=30.9000 after 6 stale days
[2017-12-21] ghost-position cleanup: liquidating ACGL qty=441.3544 @ last_close=30.6567 after 6 stale days
[2017-12-28] ghost-position cleanup: liquidating SOXL qty=1482.2663 @ last_close=9.6280 after 6 stale days
[2018-01-27] ghost-position cleanup: liquidating ACGL qty=478.2203 @ last_close=30.9267 after 6 stale days
[2018-03-13] ghost-position cleanup: liquidating SHY qty=0.0952 @ last_close=69.8491 after 6 stale days
[2018-04-12] ghost-position cleanup: liquidating CMG qty=1.3666 @ last_close=6.3602 after 6 stale days
[2018-08-08] ghost-position cleanup: liquidating SOXL qty=1522.6378 @ last_close=10.7367 after 6 stale days
[2018-08-27] ghost-position cleanup: liquidating ISRG qty=105.0825 @ last_close=176.3500 after 6 stale days
[2018-09-17] ghost-position cleanup: liquidating LLY qty=157.9081 @ last_close=105.6500 after 6 stale days
[2019-05-20] ghost-position cleanup: liquidating VLUE qty=184.8070 @ last_close=79.2350 after 6 stale days
[2019-05-30] ghost-position cleanup: liquidating BKNG qty=205.9911 @ last_close=68.6356 after 6 stale days
[2019-06-03] ghost-position cleanup: liquidating VLUE qty=151.0000 @ last_close=76.8600 after 6 stale days
[2019-08-20] ghost-position cleanup: liquidating LLY qty=0.0747 @ last_close=110.3200 after 6 stale days
[2019-11-25] ghost-position cleanup: liquidating MCK qty=0.3754 @ last_close=150.2500 after 6 stale days
[2019-12-30] ghost-position cleanup: liquidating ISRG qty=0.2292 @ last_close=199.7000 after 6 stale days
[2020-07-09] ghost-position cleanup: liquidating ISRG qty=113.5766 @ last_close=193.6200 after 6 stale days
[2020-08-18] ghost-position cleanup: liquidating ISRG qty=108.2477 @ last_close=227.6733 after 6 stale days
[2020-12-10] ghost-position cleanup: liquidating ISRG qty=0.2936 @ last_close=260.1133 after 6 stale days
[2022-02-03] ghost-position cleanup: liquidating META qty=3165.0142 @ last_close=12.3000 after 6 stale days
[2022-11-17] ghost-position cleanup: liquidating VLUE qty=0.6246 @ last_close=96.2600 after 6 stale days
[2022-11-24] ghost-position cleanup: liquidating TT qty=299.0000 @ last_close=176.2700 after 6 stale days
[2023-05-13] ghost-position cleanup: liquidating MTUM qty=0.2363 @ last_close=140.4950 after 6 stale days
[2023-12-28] ghost-position cleanup: liquidating KLAC qty=159.1938 @ last_close=580.3000 after 6 stale days
[2024-05-28] ghost-position cleanup: liquidating DG qty=0.0011 @ last_close=142.6400 after 6 stale days
[2024-08-27] ghost-position cleanup: liquidating PWR qty=484.5084 @ last_close=269.4000 after 6 stale days
[2025-03-27] ghost-position cleanup: liquidating KLAC qty=193.0204 @ last_close=706.4200 after 6 stale days
[2025-05-08] ghost-position cleanup: liquidating SHY qty=1694.4156 @ last_close=79.7762 after 6 stale days
[2025-06-16] ghost-position cleanup: liquidating TKO qty=879.0000 @ last_close=164.5800 after 6 stale days
[2015-08-08] ghost-position cleanup: liquidating ACGL qty=4.0000 @ last_close=24.0200 after 6 stale days
[2016-06-06] ghost-position cleanup: liquidating A qty=0.2997 @ last_close=45.8800 after 6 stale days
[2017-07-12] ghost-position cleanup: liquidating ACGL qty=410.1553 @ last_close=31.4100 after 6 stale days
[2017-07-22] ghost-position cleanup: liquidating SOXL qty=2423.3281 @ last_close=6.4720 after 6 stale days
[2017-08-12] ghost-position cleanup: liquidating ACGL qty=401.0000 @ last_close=32.4167 after 6 stale days
[2017-08-23] ghost-position cleanup: liquidating SOXL qty=2038.9523 @ last_close=5.9047 after 6 stale days
[2018-07-04] ghost-position cleanup: liquidating LLY qty=0.0970 @ last_close=85.4900 after 6 stale days
[2018-07-11] ghost-position cleanup: liquidating CMG qty=1719.8061 @ last_close=8.9606 after 6 stale days
[2018-07-23] ghost-position cleanup: liquidating CMG qty=1331.0000 @ last_close=9.0508 after 6 stale days
[2018-08-08] ghost-position cleanup: liquidating SOXL qty=1526.0000 @ last_close=10.7367 after 6 stale days
[2018-08-27] ghost-position cleanup: liquidating ISRG qty=0.4100 @ last_close=176.3500 after 6 stale days
[2018-10-29] ghost-position cleanup: liquidating CMG qty=4.0970 @ last_close=8.6810 after 6 stale days
[2019-08-20] ghost-position cleanup: liquidating LLY qty=0.0762 @ last_close=110.3200 after 6 stale days
[2019-11-25] ghost-position cleanup: liquidating MCK qty=0.5891 @ last_close=150.2500 after 6 stale days
[2019-12-30] ghost-position cleanup: liquidating ISRG qty=0.0001 @ last_close=199.7000 after 6 stale days
[2021-12-29] ghost-position cleanup: liquidating APD qty=0.1015 @ last_close=297.1900 after 6 stale days
[2023-04-18] ghost-position cleanup: liquidating APD qty=114.0725 @ last_close=287.2800 after 6 stale days
[2023-07-18] ghost-position cleanup: liquidating MCK qty=93.9832 @ last_close=408.6300 after 6 stale days
[2023-09-16] ghost-position cleanup: liquidating MCK qty=0.0211 @ last_close=424.1600 after 6 stale days
[2023-12-26] ghost-position cleanup: liquidating MCK qty=81.0000 @ last_close=448.2100 after 6 stale days
[2024-01-24] ghost-position cleanup: liquidating MCK qty=94.7613 @ last_close=492.8900 after 6 stale days
[2024-05-07] ghost-position cleanup: liquidating KLAC qty=72.3084 @ last_close=665.7010 after 6 stale days
[2024-05-09] ghost-position cleanup: liquidating LRCX qty=518.1229 @ last_close=90.8670 after 6 stale days
[2024-05-21] ghost-position cleanup: liquidating KLAC qty=69.4325 @ last_close=759.9700 after 6 stale days
[2024-05-30] ghost-position cleanup: liquidating KLAC qty=61.0000 @ last_close=765.1000 after 6 stale days
[2024-08-27] ghost-position cleanup: liquidating PWR qty=200.6138 @ last_close=269.4000 after 6 stale days
[2024-10-07] ghost-position cleanup: liquidating KLAC qty=66.8761 @ last_close=753.7200 after 6 stale days
[2024-12-30] ghost-position cleanup: liquidating MCK qty=0.0100 @ last_close=578.5200 after 6 stale days
[2025-06-16] ghost-position cleanup: liquidating TKO qty=296.9940 @ last_close=164.5800 after 6 stale days
[2015-08-08] ghost-position cleanup: liquidating ACGL qty=432.5466 @ last_close=24.0200 after 6 stale days
[2016-06-06] ghost-position cleanup: liquidating A qty=0.2912 @ last_close=45.8800 after 6 stale days
[2016-06-20] ghost-position cleanup: liquidating CMG qty=960.9234 @ last_close=7.9050 after 6 stale days
[2017-03-01] ghost-position cleanup: liquidating CMG qty=1369.0732 @ last_close=8.4424 after 6 stale days
[2018-04-12] ghost-position cleanup: liquidating CMG qty=2285.7154 @ last_close=6.3602 after 6 stale days
[2018-07-04] ghost-position cleanup: liquidating LLY qty=1.1082 @ last_close=85.4900 after 6 stale days
[2018-07-11] ghost-position cleanup: liquidating CMG qty=1570.6937 @ last_close=8.9606 after 6 stale days
[2018-07-23] ghost-position cleanup: liquidating CMG qty=1574.1240 @ last_close=9.0508 after 6 stale days
[2018-10-29] ghost-position cleanup: liquidating CMG qty=4.9670 @ last_close=8.6810 after 6 stale days
[2019-08-20] ghost-position cleanup: liquidating LLY qty=133.7527 @ last_close=110.3200 after 6 stale days
[2019-12-30] ghost-position cleanup: liquidating ISRG qty=0.0001 @ last_close=199.7000 after 6 stale days
[2020-01-24] ghost-position cleanup: liquidating LLY qty=0.1765 @ last_close=139.5700 after 6 stale days
[2020-05-05] ghost-position cleanup: liquidating CMG qty=853.1845 @ last_close=17.7616 after 6 stale days
[2020-06-18] ghost-position cleanup: liquidating BKNG qty=0.0183 @ last_close=64.9984 after 6 stale days
[2020-07-09] ghost-position cleanup: liquidating ISRG qty=103.1289 @ last_close=193.6200 after 6 stale days
[2020-08-18] ghost-position cleanup: liquidating ISRG qty=110.7567 @ last_close=227.6733 after 6 stale days
[2021-12-29] ghost-position cleanup: liquidating APD qty=0.0493 @ last_close=297.1900 after 6 stale days
[2022-11-24] ghost-position cleanup: liquidating TT qty=246.6420 @ last_close=176.2700 after 6 stale days
[2023-04-18] ghost-position cleanup: liquidating APD qty=0.0048 @ last_close=287.2800 after 6 stale days
[2024-05-09] ghost-position cleanup: liquidating LRCX qty=0.1706 @ last_close=90.8670 after 6 stale days
[2024-08-27] ghost-position cleanup: liquidating PWR qty=278.4247 @ last_close=269.4000 after 6 stale days
[2024-10-10] ghost-position cleanup: liquidating TKO qty=0.4582 @ last_close=127.0800 after 6 stale days
[2024-12-30] ghost-position cleanup: liquidating MCK qty=122.8454 @ last_close=578.5200 after 6 stale days
[2015-08-08] ghost-position cleanup: liquidating ACGL qty=454.2324 @ last_close=24.0200 after 6 stale days
[2015-09-08] ghost-position cleanup: liquidating CMG qty=715.0015 @ last_close=14.1402 after 6 stale days
[2015-09-17] ghost-position cleanup: liquidating CMG qty=443.0000 @ last_close=14.5754 after 6 stale days
[2015-10-05] ghost-position cleanup: liquidating CMG qty=441.0000 @ last_close=14.1764 after 6 stale days
[2016-06-06] ghost-position cleanup: liquidating A qty=2.0663 @ last_close=45.8800 after 6 stale days
[2018-07-04] ghost-position cleanup: liquidating LLY qty=215.9657 @ last_close=85.4900 after 6 stale days
[2018-07-11] ghost-position cleanup: liquidating CMG qty=2131.6847 @ last_close=8.9606 after 6 stale days
[2018-07-23] ghost-position cleanup: liquidating CMG qty=1683.0000 @ last_close=9.0508 after 6 stale days
[2018-08-27] ghost-position cleanup: liquidating ISRG qty=125.5352 @ last_close=176.3500 after 6 stale days
[2018-09-17] ghost-position cleanup: liquidating LLY qty=212.0000 @ last_close=105.6500 after 6 stale days
[2018-10-29] ghost-position cleanup: liquidating CMG qty=5.1763 @ last_close=8.6810 after 6 stale days
[2019-08-20] ghost-position cleanup: liquidating LLY qty=0.0984 @ last_close=110.3200 after 6 stale days
[2019-09-21] ghost-position cleanup: liquidating AXP qty=0.0008 @ last_close=117.6200 after 6 stale days
[2019-11-25] ghost-position cleanup: liquidating MCK qty=0.4944 @ last_close=150.2500 after 6 stale days
[2019-12-30] ghost-position cleanup: liquidating ISRG qty=0.0001 @ last_close=199.7000 after 6 stale days
[2020-06-18] ghost-position cleanup: liquidating BKNG qty=0.0295 @ last_close=64.9984 after 6 stale days
[2022-11-24] ghost-position cleanup: liquidating TT qty=0.0144 @ last_close=176.2700 after 6 stale days
[2023-04-18] ghost-position cleanup: liquidating APD qty=222.5172 @ last_close=287.2800 after 6 stale days
[2023-07-18] ghost-position cleanup: liquidating MCK qty=0.0898 @ last_close=408.6300 after 6 stale days
[2023-12-26] ghost-position cleanup: liquidating MCK qty=156.0000 @ last_close=448.2100 after 6 stale days
[2023-12-28] ghost-position cleanup: liquidating KLAC qty=148.1336 @ last_close=580.3000 after 6 stale days
[2024-01-24] ghost-position cleanup: liquidating MCK qty=152.0000 @ last_close=492.8900 after 6 stale days
[2024-10-07] ghost-position cleanup: liquidating KLAC qty=135.2944 @ last_close=753.7200 after 6 stale days
[2025-06-16] ghost-position cleanup: liquidating TKO qty=640.9585 @ last_close=164.5800 after 6 stale days
[2025-08-27] ghost-position cleanup: liquidating APD qty=0.0063 @ last_close=293.5200 after 6 stale days
[2015-02-19] ghost-position cleanup: liquidating SHY qty=0.0542 @ last_close=69.2128 after 6 stale days
[cycle09b §5.1] Loading panel + factors via cycle09b _load_panel()...
  panel: (4876, 79), factors=159 (344.4s)
[cycle09b Trial 1] Building NAV with 3 factor(s) via cap_aware_cross_asset / monthly...
  ✓ cycle09b Trial 1 NAV: n=4876, last=1400152.5832 (25.8s)
[RCMv1] Building NAV with 4 factor(s) via global_top_n / monthly...
  ✓ RCMv1 NAV: n=4876, last=2318222.1613 (26.6s)
[Cand-2] Building NAV with 3 factor(s) via global_top_n / monthly...
  ✓ Cand-2 NAV: n=4876, last=954233.2808 (25.1s)
[Trial 9] Building NAV with 3 factor(s) via cap_aware / monthly...
  ✓ Trial 9 NAV: n=4876, last=1051873.0039 (25.3s)
[cycle07a Trial 3] Building NAV with 3 factor(s) via cap_aware / monthly...
  ✓ cycle07a Trial 3 NAV: n=4876, last=1466119.1602 (26.4s)
[cycle08 top-1] Building NAV with 3 factor(s) via cap_aware_cross_asset / weekly...
  ✓ cycle08 top-1 NAV: n=4876, last=117354.5988 (26.8s)

[cycle09b §5.1] Computing pair correlations...
  Trial 1 vs rcm_v1          : raw=0.810  res_spy=0.809  res_qqq=0.410  n=1583  tier=warn_label_void
  Trial 1 vs cand_2          : raw=0.781  res_spy=0.778  res_qqq=0.284  n=1583  tier=warn_label_void
  Trial 1 vs trial_9         : raw=0.744  res_spy=0.742  res_qqq=0.235  n=1583  tier=warn_label_void
  Trial 1 vs cycle07a_trial3 : raw=0.788  res_spy=0.788  res_qqq=0.384  n=1583  tier=warn_label_void
  Trial 1 vs cycle08_top1    : raw=0.020  res_spy=0.019  res_qqq=0.028  n=1583  tier=true_diversifier

=== VERDICT: RED ===
reason: residual >= 0.50 violation in pairs: ['rcm_v1', 'cand_2', 'trial_9', 'cycle07a_trial3']
max_raw=0.810  max_residual=0.809
Per-anchor raw tiers:
  rcm_v1          : warn_label_void
  cand_2          : warn_label_void
  trial_9         : warn_label_void
  cycle07a_trial3 : warn_label_void
  cycle08_top1    : true_diversifier

[cycle09b §5.1] Output: data/audit/cycle09b_trial1_extended_nav_correlation.json
